<?xml version="1.0" encoding="UTF-8"?>
<testsuite xmlns:xsi="http://www.w3.org/2001/XMLSchema-instance" xsi:noNamespaceSchemaLocation="https://maven.apache.org/surefire/maven-surefire-plugin/xsd/surefire-test-report.xsd" name="dashview.AppTest" time="0.033" tests="1" errors="0" skipped="0" failures="0">
  <properties>
    <property name="java.specification.version" value="14"/>
    <property name="sun.jnu.encoding" value="UTF-8"/>
    <property name="java.class.path" value="/Users/rossypro/sources/ets/log430/dashview/target/test-classes:/Users/rossypro/sources/ets/log430/dashview/target/classes:/Users/rossypro/.m2/repository/junit/junit/4.11/junit-4.11.jar:/Users/rossypro/.m2/repository/org/hamcrest/hamcrest-core/1.3/hamcrest-core-1.3.jar:/Users/rossypro/.m2/repository/org/apache/maven/plugins/maven-javadoc-plugin/3.2.0/maven-javadoc-plugin-3.2.0.jar:/Users/rossypro/.m2/repository/org/apache/maven/maven-core/3.0/maven-core-3.0.jar:/Users/rossypro/.m2/repository/org/apache/maven/maven-settings-builder/3.0/maven-settings-builder-3.0.jar:/Users/rossypro/.m2/repository/org/apache/maven/maven-repository-metadata/3.0/maven-repository-metadata-3.0.jar:/Users/rossypro/.m2/repository/org/apache/maven/maven-model-builder/3.0/maven-model-builder-3.0.jar:/Users/rossypro/.m2/repository/org/apache/maven/maven-aether-provider/3.0/maven-aether-provider-3.0.jar:/Users/rossypro/.m2/repository/org/sonatype/aether/aether-impl/1.7/aether-impl-1.7.jar:/Users/rossypro/.m2/repository/org/sonatype/aether/aether-spi/1.7/aether-spi-1.7.jar:/Users/rossypro/.m2/repository/org/sonatype/aether/aether-api/1.7/aether-api-1.7.jar:/Users/rossypro/.m2/repository/org/sonatype/aether/aether-util/1.7/aether-util-1.7.jar:/Users/rossypro/.m2/repository/org/sonatype/sisu/sisu-inject-plexus/1.4.2/sisu-inject-plexus-1.4.2.jar:/Users/rossypro/.m2/repository/org/sonatype/sisu/sisu-inject-bean/1.4.2/sisu-inject-bean-1.4.2.jar:/Users/rossypro/.m2/repository/org/sonatype/sisu/sisu-guice/2.1.7/sisu-guice-2.1.7-noaop.jar:/Users/rossypro/.m2/repository/org/codehaus/plexus/plexus-interpolation/1.14/plexus-interpolation-1.14.jar:/Users/rossypro/.m2/repository/org/codehaus/plexus/plexus-classworlds/2.2.3/plexus-classworlds-2.2.3.jar:/Users/rossypro/.m2/repository/org/codehaus/plexus/plexus-component-annotations/1.5.5/plexus-component-annotations-1.5.5.jar:/Users/rossypro/.m2/repository/org/sonatype/plexus/plexus-sec-dispatcher/1.3/plexus-sec-dispatcher-1.3.jar:/Users/rossypro/.m2/repository/org/sonatype/plexus/plexus-cipher/1.4/plexus-cipher-1.4.jar:/Users/rossypro/.m2/repository/org/apache/maven/maven-model/3.0/maven-model-3.0.jar:/Users/rossypro/.m2/repository/org/apache/maven/maven-settings/3.0/maven-settings-3.0.jar:/Users/rossypro/.m2/repository/org/apache/maven/maven-plugin-api/3.0/maven-plugin-api-3.0.jar:/Users/rossypro/.m2/repository/org/apache/maven/maven-artifact/3.0/maven-artifact-3.0.jar:/Users/rossypro/.m2/repository/org/apache/maven/reporting/maven-reporting-api/3.0/maven-reporting-api-3.0.jar:/Users/rossypro/.m2/repository/org/apache/maven/maven-archiver/3.5.0/maven-archiver-3.5.0.jar:/Users/rossypro/.m2/repository/org/apache/maven/shared/maven-shared-utils/3.2.1/maven-shared-utils-3.2.1.jar:/Users/rossypro/.m2/repository/org/apache/maven/shared/maven-invoker/3.0.0/maven-invoker-3.0.0.jar:/Users/rossypro/.m2/repository/org/apache/maven/shared/maven-common-artifact-filters/3.0.0/maven-common-artifact-filters-3.0.0.jar:/Users/rossypro/.m2/repository/org/apache/maven/shared/maven-artifact-transfer/0.10.1/maven-artifact-transfer-0.10.1.jar:/Users/rossypro/.m2/repository/commons-codec/commons-codec/1.11/commons-codec-1.11.jar:/Users/rossypro/.m2/repository/org/slf4j/slf4j-api/1.7.5/slf4j-api-1.7.5.jar:/Users/rossypro/.m2/repository/org/apache/maven/doxia/doxia-sink-api/1.7/doxia-sink-api-1.7.jar:/Users/rossypro/.m2/repository/org/apache/maven/doxia/doxia-logging-api/1.7/doxia-logging-api-1.7.jar:/Users/rossypro/.m2/repository/org/apache/maven/doxia/doxia-site-renderer/1.9.2/doxia-site-renderer-1.9.2.jar:/Users/rossypro/.m2/repository/org/apache/maven/doxia/doxia-core/1.9.1/doxia-core-1.9.1.jar:/Users/rossypro/.m2/repository/org/apache/maven/doxia/doxia-decoration-model/1.9.2/doxia-decoration-model-1.9.2.jar:/Users/rossypro/.m2/repository/org/apache/maven/doxia/doxia-skin-model/1.9.2/doxia-skin-model-1.9.2.jar:/Users/rossypro/.m2/repository/org/apache/maven/doxia/doxia-module-xhtml/1.9.1/doxia-module-xhtml-1.9.1.jar:/Users/rossypro/.m2/repository/org/apache/maven/doxia/doxia-module-xhtml5/1.9.1/doxia-module-xhtml5-1.9.1.jar:/Users/rossypro/.m2/repository/org/codehaus/plexus/plexus-i18n/1.0-beta-10/plexus-i18n-1.0-beta-10.jar:/Users/rossypro/.m2/repository/org/codehaus/plexus/plexus-container-default/1.0-alpha-30/plexus-container-default-1.0-alpha-30.jar:/Users/rossypro/.m2/repository/org/codehaus/plexus/plexus-velocity/1.2/plexus-velocity-1.2.jar:/Users/rossypro/.m2/repository/org/apache/velocity/velocity/1.7/velocity-1.7.jar:/Users/rossypro/.m2/repository/commons-lang/commons-lang/2.4/commons-lang-2.4.jar:/Users/rossypro/.m2/repository/org/apache/velocity/velocity-tools/2.0/velocity-tools-2.0.jar:/Users/rossypro/.m2/repository/commons-beanutils/commons-beanutils/1.7.0/commons-beanutils-1.7.0.jar:/Users/rossypro/.m2/repository/commons-digester/commons-digester/1.8/commons-digester-1.8.jar:/Users/rossypro/.m2/repository/commons-chain/commons-chain/1.1/commons-chain-1.1.jar:/Users/rossypro/.m2/repository/dom4j/dom4j/1.1/dom4j-1.1.jar:/Users/rossypro/.m2/repository/oro/oro/2.0.8/oro-2.0.8.jar:/Users/rossypro/.m2/repository/commons-collections/commons-collections/3.2.2/commons-collections-3.2.2.jar:/Users/rossypro/.m2/repository/org/apache/maven/wagon/wagon-provider-api/2.4/wagon-provider-api-2.4.jar:/Users/rossypro/.m2/repository/org/apache/commons/commons-lang3/3.5/commons-lang3-3.5.jar:/Users/rossypro/.m2/repository/commons-io/commons-io/2.5/commons-io-2.5.jar:/Users/rossypro/.m2/repository/org/apache/httpcomponents/httpclient/4.5.8/httpclient-4.5.8.jar:/Users/rossypro/.m2/repository/org/apache/httpcomponents/httpcore/4.4.11/httpcore-4.4.11.jar:/Users/rossypro/.m2/repository/com/thoughtworks/qdox/qdox/2.0-M10/qdox-2.0-M10.jar:/Users/rossypro/.m2/repository/org/codehaus/plexus/plexus-java/1.0.5/plexus-java-1.0.5.jar:/Users/rossypro/.m2/repository/org/ow2/asm/asm/7.2/asm-7.2.jar:/Users/rossypro/.m2/repository/org/codehaus/plexus/plexus-archiver/4.2.1/plexus-archiver-4.2.1.jar:/Users/rossypro/.m2/repository/org/apache/commons/commons-compress/1.19/commons-compress-1.19.jar:/Users/rossypro/.m2/repository/org/iq80/snappy/snappy/0.4/snappy-0.4.jar:/Users/rossypro/.m2/repository/org/tukaani/xz/1.8/xz-1.8.jar:/Users/rossypro/.m2/repository/org/codehaus/plexus/plexus-io/3.2.0/plexus-io-3.2.0.jar:/Users/rossypro/.m2/repository/org/codehaus/plexus/plexus-utils/3.3.0/plexus-utils-3.3.0.jar:/Users/rossypro/.m2/repository/org/codehaus/plexus/plexus-interactivity-api/1.0-alpha-6/plexus-interactivity-api-1.0-alpha-6.jar:/Users/rossypro/.m2/repository/com/structurizr/structurizr-core/1.3.5/structurizr-core-1.3.5.jar:/Users/rossypro/.m2/repository/com/google/code/findbugs/jsr305/3.0.2/jsr305-3.0.2.jar:/Users/rossypro/.m2/repository/com/fasterxml/jackson/core/jackson-annotations/2.9.5/jackson-annotations-2.9.5.jar:/Users/rossypro/.m2/repository/commons-logging/commons-logging/1.2/commons-logging-1.2.jar:/Users/rossypro/.m2/repository/com/structurizr/structurizr-client/1.3.5/structurizr-client-1.3.5.jar:/Users/rossypro/.m2/repository/com/fasterxml/jackson/core/jackson-databind/2.10.2/jackson-databind-2.10.2.jar:/Users/rossypro/.m2/repository/org/apache/httpcomponents/client5/httpclient5/5.0/httpclient5-5.0.jar:/Users/rossypro/.m2/repository/org/apache/httpcomponents/core5/httpcore5/5.0/httpcore5-5.0.jar:/Users/rossypro/.m2/repository/org/apache/httpcomponents/core5/httpcore5-h2/5.0/httpcore5-h2-5.0.jar:/Users/rossypro/.m2/repository/javax/xml/bind/jaxb-api/2.3.0/jaxb-api-2.3.0.jar:/Users/rossypro/.m2/repository/com/structurizr/structurizr-annotations/1.3.5/structurizr-annotations-1.3.5.jar:/Users/rossypro/.m2/repository/com/structurizr/structurizr-analysis/1.3.5/structurizr-analysis-1.3.5.jar:/Users/rossypro/.m2/repository/org/reflections/reflections/0.9.10/reflections-0.9.10.jar:/Users/rossypro/.m2/repository/com/google/guava/guava/15.0/guava-15.0.jar:/Users/rossypro/.m2/repository/com/google/code/findbugs/annotations/2.0.1/annotations-2.0.1.jar:/Users/rossypro/.m2/repository/org/javassist/javassist/3.22.0-CR2/javassist-3.22.0-CR2.jar:/Users/rossypro/.m2/repository/com/guicedee/services/sl4j/1.0.9.7-jre14/sl4j-1.0.9.7-jre14.jar:/Users/rossypro/.m2/repository/com/guicedee/services/log4j-core/1.0.9.7-jre14/log4j-core-1.0.9.7-jre14.jar:/Users/rossypro/.m2/repository/com/fasterxml/jackson/dataformat/jackson-dataformat-yaml/2.11.0/jackson-dataformat-yaml-2.11.0.jar:/Users/rossypro/.m2/repository/org/yaml/snakeyaml/1.26/snakeyaml-1.26.jar:/Users/rossypro/.m2/repository/com/fasterxml/jackson/core/jackson-core/2.11.0/jackson-core-2.11.0.jar:"/>
    <property name="java.vm.vendor" value="Oracle Corporation"/>
    <property name="sun.arch.data.model" value="64"/>
    <property name="java.vendor.url" value="https://java.oracle.com/"/>
    <property name="os.name" value="Mac OS X"/>
    <property name="java.vm.specification.version" value="14"/>
    <property name="sun.java.launcher" value="SUN_STANDARD"/>
    <property name="user.country" value="CA"/>
    <property name="sun.boot.library.path" value="/Library/Java/JavaVirtualMachines/jdk-14.jdk/Contents/Home/lib"/>
    <property name="sun.java.command" value="/Users/rossypro/sources/ets/log430/dashview/target/surefire/surefirebooter2803671852216781126.jar /Users/rossypro/sources/ets/log430/dashview/target/surefire 2020-05-17T08-17-14_767-jvmRun1 surefire15566135660751446804tmp surefire_017630728871451974358tmp"/>
    <property name="http.nonProxyHosts" value="local|*.local|169.254/16|*.169.254/16"/>
    <property name="jdk.debug" value="release"/>
    <property name="surefire.test.class.path" value="/Users/rossypro/sources/ets/log430/dashview/target/test-classes:/Users/rossypro/sources/ets/log430/dashview/target/classes:/Users/rossypro/.m2/repository/junit/junit/4.11/junit-4.11.jar:/Users/rossypro/.m2/repository/org/hamcrest/hamcrest-core/1.3/hamcrest-core-1.3.jar:/Users/rossypro/.m2/repository/org/apache/maven/plugins/maven-javadoc-plugin/3.2.0/maven-javadoc-plugin-3.2.0.jar:/Users/rossypro/.m2/repository/org/apache/maven/maven-core/3.0/maven-core-3.0.jar:/Users/rossypro/.m2/repository/org/apache/maven/maven-settings-builder/3.0/maven-settings-builder-3.0.jar:/Users/rossypro/.m2/repository/org/apache/maven/maven-repository-metadata/3.0/maven-repository-metadata-3.0.jar:/Users/rossypro/.m2/repository/org/apache/maven/maven-model-builder/3.0/maven-model-builder-3.0.jar:/Users/rossypro/.m2/repository/org/apache/maven/maven-aether-provider/3.0/maven-aether-provider-3.0.jar:/Users/rossypro/.m2/repository/org/sonatype/aether/aether-impl/1.7/aether-impl-1.7.jar:/Users/rossypro/.m2/repository/org/sonatype/aether/aether-spi/1.7/aether-spi-1.7.jar:/Users/rossypro/.m2/repository/org/sonatype/aether/aether-api/1.7/aether-api-1.7.jar:/Users/rossypro/.m2/repository/org/sonatype/aether/aether-util/1.7/aether-util-1.7.jar:/Users/rossypro/.m2/repository/org/sonatype/sisu/sisu-inject-plexus/1.4.2/sisu-inject-plexus-1.4.2.jar:/Users/rossypro/.m2/repository/org/sonatype/sisu/sisu-inject-bean/1.4.2/sisu-inject-bean-1.4.2.jar:/Users/rossypro/.m2/repository/org/sonatype/sisu/sisu-guice/2.1.7/sisu-guice-2.1.7-noaop.jar:/Users/rossypro/.m2/repository/org/codehaus/plexus/plexus-interpolation/1.14/plexus-interpolation-1.14.jar:/Users/rossypro/.m2/repository/org/codehaus/plexus/plexus-classworlds/2.2.3/plexus-classworlds-2.2.3.jar:/Users/rossypro/.m2/repository/org/codehaus/plexus/plexus-component-annotations/1.5.5/plexus-component-annotations-1.5.5.jar:/Users/rossypro/.m2/repository/org/sonatype/plexus/plexus-sec-dispatcher/1.3/plexus-sec-dispatcher-1.3.jar:/Users/rossypro/.m2/repository/org/sonatype/plexus/plexus-cipher/1.4/plexus-cipher-1.4.jar:/Users/rossypro/.m2/repository/org/apache/maven/maven-model/3.0/maven-model-3.0.jar:/Users/rossypro/.m2/repository/org/apache/maven/maven-settings/3.0/maven-settings-3.0.jar:/Users/rossypro/.m2/repository/org/apache/maven/maven-plugin-api/3.0/maven-plugin-api-3.0.jar:/Users/rossypro/.m2/repository/org/apache/maven/maven-artifact/3.0/maven-artifact-3.0.jar:/Users/rossypro/.m2/repository/org/apache/maven/reporting/maven-reporting-api/3.0/maven-reporting-api-3.0.jar:/Users/rossypro/.m2/repository/org/apache/maven/maven-archiver/3.5.0/maven-archiver-3.5.0.jar:/Users/rossypro/.m2/repository/org/apache/maven/shared/maven-shared-utils/3.2.1/maven-shared-utils-3.2.1.jar:/Users/rossypro/.m2/repository/org/apache/maven/shared/maven-invoker/3.0.0/maven-invoker-3.0.0.jar:/Users/rossypro/.m2/repository/org/apache/maven/shared/maven-common-artifact-filters/3.0.0/maven-common-artifact-filters-3.0.0.jar:/Users/rossypro/.m2/repository/org/apache/maven/shared/maven-artifact-transfer/0.10.1/maven-artifact-transfer-0.10.1.jar:/Users/rossypro/.m2/repository/commons-codec/commons-codec/1.11/commons-codec-1.11.jar:/Users/rossypro/.m2/repository/org/slf4j/slf4j-api/1.7.5/slf4j-api-1.7.5.jar:/Users/rossypro/.m2/repository/org/apache/maven/doxia/doxia-sink-api/1.7/doxia-sink-api-1.7.jar:/Users/rossypro/.m2/repository/org/apache/maven/doxia/doxia-logging-api/1.7/doxia-logging-api-1.7.jar:/Users/rossypro/.m2/repository/org/apache/maven/doxia/doxia-site-renderer/1.9.2/doxia-site-renderer-1.9.2.jar:/Users/rossypro/.m2/repository/org/apache/maven/doxia/doxia-core/1.9.1/doxia-core-1.9.1.jar:/Users/rossypro/.m2/repository/org/apache/maven/doxia/doxia-decoration-model/1.9.2/doxia-decoration-model-1.9.2.jar:/Users/rossypro/.m2/repository/org/apache/maven/doxia/doxia-skin-model/1.9.2/doxia-skin-model-1.9.2.jar:/Users/rossypro/.m2/repository/org/apache/maven/doxia/doxia-module-xhtml/1.9.1/doxia-module-xhtml-1.9.1.jar:/Users/rossypro/.m2/repository/org/apache/maven/doxia/doxia-module-xhtml5/1.9.1/doxia-module-xhtml5-1.9.1.jar:/Users/rossypro/.m2/repository/org/codehaus/plexus/plexus-i18n/1.0-beta-10/plexus-i18n-1.0-beta-10.jar:/Users/rossypro/.m2/repository/org/codehaus/plexus/plexus-container-default/1.0-alpha-30/plexus-container-default-1.0-alpha-30.jar:/Users/rossypro/.m2/repository/org/codehaus/plexus/plexus-velocity/1.2/plexus-velocity-1.2.jar:/Users/rossypro/.m2/repository/org/apache/velocity/velocity/1.7/velocity-1.7.jar:/Users/rossypro/.m2/repository/commons-lang/commons-lang/2.4/commons-lang-2.4.jar:/Users/rossypro/.m2/repository/org/apache/velocity/velocity-tools/2.0/velocity-tools-2.0.jar:/Users/rossypro/.m2/repository/commons-beanutils/commons-beanutils/1.7.0/commons-beanutils-1.7.0.jar:/Users/rossypro/.m2/repository/commons-digester/commons-digester/1.8/commons-digester-1.8.jar:/Users/rossypro/.m2/repository/commons-chain/commons-chain/1.1/commons-chain-1.1.jar:/Users/rossypro/.m2/repository/dom4j/dom4j/1.1/dom4j-1.1.jar:/Users/rossypro/.m2/repository/oro/oro/2.0.8/oro-2.0.8.jar:/Users/rossypro/.m2/repository/commons-collections/commons-collections/3.2.2/commons-collections-3.2.2.jar:/Users/rossypro/.m2/repository/org/apache/maven/wagon/wagon-provider-api/2.4/wagon-provider-api-2.4.jar:/Users/rossypro/.m2/repository/org/apache/commons/commons-lang3/3.5/commons-lang3-3.5.jar:/Users/rossypro/.m2/repository/commons-io/commons-io/2.5/commons-io-2.5.jar:/Users/rossypro/.m2/repository/org/apache/httpcomponents/httpclient/4.5.8/httpclient-4.5.8.jar:/Users/rossypro/.m2/repository/org/apache/httpcomponents/httpcore/4.4.11/httpcore-4.4.11.jar:/Users/rossypro/.m2/repository/com/thoughtworks/qdox/qdox/2.0-M10/qdox-2.0-M10.jar:/Users/rossypro/.m2/repository/org/codehaus/plexus/plexus-java/1.0.5/plexus-java-1.0.5.jar:/Users/rossypro/.m2/repository/org/ow2/asm/asm/7.2/asm-7.2.jar:/Users/rossypro/.m2/repository/org/codehaus/plexus/plexus-archiver/4.2.1/plexus-archiver-4.2.1.jar:/Users/rossypro/.m2/repository/org/apache/commons/commons-compress/1.19/commons-compress-1.19.jar:/Users/rossypro/.m2/repository/org/iq80/snappy/snappy/0.4/snappy-0.4.jar:/Users/rossypro/.m2/repository/org/tukaani/xz/1.8/xz-1.8.jar:/Users/rossypro/.m2/repository/org/codehaus/plexus/plexus-io/3.2.0/plexus-io-3.2.0.jar:/Users/rossypro/.m2/repository/org/codehaus/plexus/plexus-utils/3.3.0/plexus-utils-3.3.0.jar:/Users/rossypro/.m2/repository/org/codehaus/plexus/plexus-interactivity-api/1.0-alpha-6/plexus-interactivity-api-1.0-alpha-6.jar:/Users/rossypro/.m2/repository/com/structurizr/structurizr-core/1.3.5/structurizr-core-1.3.5.jar:/Users/rossypro/.m2/repository/com/google/code/findbugs/jsr305/3.0.2/jsr305-3.0.2.jar:/Users/rossypro/.m2/repository/com/fasterxml/jackson/core/jackson-annotations/2.9.5/jackson-annotations-2.9.5.jar:/Users/rossypro/.m2/repository/commons-logging/commons-logging/1.2/commons-logging-1.2.jar:/Users/rossypro/.m2/repository/com/structurizr/structurizr-client/1.3.5/structurizr-client-1.3.5.jar:/Users/rossypro/.m2/repository/com/fasterxml/jackson/core/jackson-databind/2.10.2/jackson-databind-2.10.2.jar:/Users/rossypro/.m2/repository/org/apache/httpcomponents/client5/httpclient5/5.0/httpclient5-5.0.jar:/Users/rossypro/.m2/repository/org/apache/httpcomponents/core5/httpcore5/5.0/httpcore5-5.0.jar:/Users/rossypro/.m2/repository/org/apache/httpcomponents/core5/httpcore5-h2/5.0/httpcore5-h2-5.0.jar:/Users/rossypro/.m2/repository/javax/xml/bind/jaxb-api/2.3.0/jaxb-api-2.3.0.jar:/Users/rossypro/.m2/repository/com/structurizr/structurizr-annotations/1.3.5/structurizr-annotations-1.3.5.jar:/Users/rossypro/.m2/repository/com/structurizr/structurizr-analysis/1.3.5/structurizr-analysis-1.3.5.jar:/Users/rossypro/.m2/repository/org/reflections/reflections/0.9.10/reflections-0.9.10.jar:/Users/rossypro/.m2/repository/com/google/guava/guava/15.0/guava-15.0.jar:/Users/rossypro/.m2/repository/com/google/code/findbugs/annotations/2.0.1/annotations-2.0.1.jar:/Users/rossypro/.m2/repository/org/javassist/javassist/3.22.0-CR2/javassist-3.22.0-CR2.jar:/Users/rossypro/.m2/repository/com/guicedee/services/sl4j/1.0.9.7-jre14/sl4j-1.0.9.7-jre14.jar:/Users/rossypro/.m2/repository/com/guicedee/services/log4j-core/1.0.9.7-jre14/log4j-core-1.0.9.7-jre14.jar:/Users/rossypro/.m2/repository/com/fasterxml/jackson/dataformat/jackson-dataformat-yaml/2.11.0/jackson-dataformat-yaml-2.11.0.jar:/Users/rossypro/.m2/repository/org/yaml/snakeyaml/1.26/snakeyaml-1.26.jar:/Users/rossypro/.m2/repository/com/fasterxml/jackson/core/jackson-core/2.11.0/jackson-core-2.11.0.jar:"/>
    <property name="sun.cpu.endian" value="little"/>
    <property name="user.home" value="/Users/rossypro"/>
    <property name="user.language" value="fr"/>
    <property name="java.specification.vendor" value="Oracle Corporation"/>
    <property name="java.version.date" value="2020-03-17"/>
    <property name="java.home" value="/Library/Java/JavaVirtualMachines/jdk-14.jdk/Contents/Home"/>
    <property name="file.separator" value="/"/>
    <property name="basedir" value="/Users/rossypro/sources/ets/log430/dashview"/>
    <property name="java.vm.compressedOopsMode" value="Zero based"/>
    <property name="line.separator" value="&#10;"/>
    <property name="java.specification.name" value="Java Platform API Specification"/>
    <property name="java.vm.specification.vendor" value="Oracle Corporation"/>
    <property name="surefire.real.class.path" value="/Users/rossypro/sources/ets/log430/dashview/target/surefire/surefirebooter2803671852216781126.jar"/>
    <property name="sun.management.compiler" value="HotSpot 64-Bit Tiered Compilers"/>
    <property name="ftp.nonProxyHosts" value="local|*.local|169.254/16|*.169.254/16"/>
    <property name="java.runtime.version" value="14+36-1461"/>
    <property name="user.name" value="rossypro"/>
    <property name="path.separator" value=":"/>
    <property name="os.version" value="10.15.4"/>
    <property name="java.runtime.name" value="Java(TM) SE Runtime Environment"/>
    <property name="file.encoding" value="UTF-8"/>
    <property name="java.vm.name" value="Java HotSpot(TM) 64-Bit Server VM"/>
    <property name="localRepository" value="/Users/rossypro/.m2/repository"/>
    <property name="java.vendor.url.bug" value="https://bugreport.java.com/bugreport/"/>
    <property name="java.io.tmpdir" value="/var/folders/_h/dfhb65ms5xj_17c_z9xt5tvh0000gn/T/"/>
    <property name="java.version" value="14"/>
    <property name="user.dir" value="/Users/rossypro/sources/ets/log430/dashview"/>
    <property name="os.arch" value="x86_64"/>
    <property name="java.vm.specification.name" value="Java Virtual Machine Specification"/>
    <property name="java.library.path" value="/Users/rossypro/Library/Java/Extensions:/Library/Java/Extensions:/Network/Library/Java/Extensions:/System/Library/Java/Extensions:/usr/lib/java:."/>
    <property name="java.vm.info" value="mixed mode, sharing"/>
    <property name="java.vendor" value="Oracle Corporation"/>
    <property name="java.vm.version" value="14+36-1461"/>
    <property name="sun.io.unicode.encoding" value="UnicodeBig"/>
    <property name="socksNonProxyHosts" value="local|*.local|169.254/16|*.169.254/16"/>
    <property name="java.class.version" value="58.0"/>
  </properties>
  <testcase name="shouldAnswerWithTrue" classname="dashview.AppTest" time="0.002"/>
</testsuite>