<?xml version="1.0" encoding="UTF-8"?>
<testsuite xmlns:xsi="http://www.w3.org/2001/XMLSchema-instance" xsi:noNamespaceSchemaLocation="https://maven.apache.org/surefire/maven-surefire-plugin/xsd/surefire-test-report.xsd" name="dashview.AppTest" time="0.034" tests="1" errors="0" skipped="0" failures="0">
  <properties>
    <property name="java.specification.version" value="14"/>
    <property name="sun.jnu.encoding" value="UTF-8"/>
    <property name="java.class.path" value="/Users/rossypro/sources/ets/log430/dashview/target/test-classes:/Users/rossypro/sources/ets/log430/dashview/target/classes:/Users/rossypro/.m2/repository/junit/junit/4.11/junit-4.11.jar:/Users/rossypro/.m2/repository/org/hamcrest/hamcrest-core/1.3/hamcrest-core-1.3.jar:/Users/rossypro/.m2/repository/com/structurizr/structurizr-core/1.3.5/structurizr-core-1.3.5.jar:/Users/rossypro/.m2/repository/com/google/code/findbugs/jsr305/3.0.2/jsr305-3.0.2.jar:/Users/rossypro/.m2/repository/com/fasterxml/jackson/core/jackson-annotations/2.9.5/jackson-annotations-2.9.5.jar:/Users/rossypro/.m2/repository/commons-logging/commons-logging/1.2/commons-logging-1.2.jar:/Users/rossypro/.m2/repository/com/structurizr/structurizr-client/1.3.5/structurizr-client-1.3.5.jar:/Users/rossypro/.m2/repository/com/fasterxml/jackson/core/jackson-databind/2.10.2/jackson-databind-2.10.2.jar:/Users/rossypro/.m2/repository/org/apache/httpcomponents/client5/httpclient5/5.0/httpclient5-5.0.jar:/Users/rossypro/.m2/repository/org/apache/httpcomponents/core5/httpcore5/5.0/httpcore5-5.0.jar:/Users/rossypro/.m2/repository/org/apache/httpcomponents/core5/httpcore5-h2/5.0/httpcore5-h2-5.0.jar:/Users/rossypro/.m2/repository/org/slf4j/slf4j-api/1.7.25/slf4j-api-1.7.25.jar:/Users/rossypro/.m2/repository/commons-codec/commons-codec/1.13/commons-codec-1.13.jar:/Users/rossypro/.m2/repository/javax/xml/bind/jaxb-api/2.3.0/jaxb-api-2.3.0.jar:/Users/rossypro/.m2/repository/com/structurizr/structurizr-annotations/1.3.5/structurizr-annotations-1.3.5.jar:/Users/rossypro/.m2/repository/com/structurizr/structurizr-analysis/1.3.5/structurizr-analysis-1.3.5.jar:/Users/rossypro/.m2/repository/org/reflections/reflections/0.9.10/reflections-0.9.10.jar:/Users/rossypro/.m2/repository/com/google/guava/guava/15.0/guava-15.0.jar:/Users/rossypro/.m2/repository/com/google/code/findbugs/annotations/2.0.1/annotations-2.0.1.jar:/Users/rossypro/.m2/repository/org/javassist/javassist/3.22.0-CR2/javassist-3.22.0-CR2.jar:/Users/rossypro/.m2/repository/com/fasterxml/jackson/dataformat/jackson-dataformat-yaml/2.11.0/jackson-dataformat-yaml-2.11.0.jar:/Users/rossypro/.m2/repository/org/yaml/snakeyaml/1.26/snakeyaml-1.26.jar:/Users/rossypro/.m2/repository/com/fasterxml/jackson/core/jackson-core/2.11.0/jackson-core-2.11.0.jar:"/>
    <property name="java.vm.vendor" value="Oracle Corporation"/>
    <property name="sun.arch.data.model" value="64"/>
    <property name="java.vendor.url" value="https://java.oracle.com/"/>
    <property name="os.name" value="Mac OS X"/>
    <property name="java.vm.specification.version" value="14"/>
    <property name="sun.java.launcher" value="SUN_STANDARD"/>
    <property name="user.country" value="CA"/>
    <property name="sun.boot.library.path" value="/Library/Java/JavaVirtualMachines/jdk-14.jdk/Contents/Home/lib"/>
    <property name="sun.java.command" value="/Users/rossypro/sources/ets/log430/dashview/target/surefire/surefirebooter2895241247030958763.jar /Users/rossypro/sources/ets/log430/dashview/target/surefire 2020-05-16T16-00-50_780-jvmRun1 surefire8706064197158717420tmp surefire_07704241841645658048tmp"/>
    <property name="http.nonProxyHosts" value="local|*.local|169.254/16|*.169.254/16"/>
    <property name="jdk.debug" value="release"/>
    <property name="surefire.test.class.path" value="/Users/rossypro/sources/ets/log430/dashview/target/test-classes:/Users/rossypro/sources/ets/log430/dashview/target/classes:/Users/rossypro/.m2/repository/junit/junit/4.11/junit-4.11.jar:/Users/rossypro/.m2/repository/org/hamcrest/hamcrest-core/1.3/hamcrest-core-1.3.jar:/Users/rossypro/.m2/repository/com/structurizr/structurizr-core/1.3.5/structurizr-core-1.3.5.jar:/Users/rossypro/.m2/repository/com/google/code/findbugs/jsr305/3.0.2/jsr305-3.0.2.jar:/Users/rossypro/.m2/repository/com/fasterxml/jackson/core/jackson-annotations/2.9.5/jackson-annotations-2.9.5.jar:/Users/rossypro/.m2/repository/commons-logging/commons-logging/1.2/commons-logging-1.2.jar:/Users/rossypro/.m2/repository/com/structurizr/structurizr-client/1.3.5/structurizr-client-1.3.5.jar:/Users/rossypro/.m2/repository/com/fasterxml/jackson/core/jackson-databind/2.10.2/jackson-databind-2.10.2.jar:/Users/rossypro/.m2/repository/org/apache/httpcomponents/client5/httpclient5/5.0/httpclient5-5.0.jar:/Users/rossypro/.m2/repository/org/apache/httpcomponents/core5/httpcore5/5.0/httpcore5-5.0.jar:/Users/rossypro/.m2/repository/org/apache/httpcomponents/core5/httpcore5-h2/5.0/httpcore5-h2-5.0.jar:/Users/rossypro/.m2/repository/org/slf4j/slf4j-api/1.7.25/slf4j-api-1.7.25.jar:/Users/rossypro/.m2/repository/commons-codec/commons-codec/1.13/commons-codec-1.13.jar:/Users/rossypro/.m2/repository/javax/xml/bind/jaxb-api/2.3.0/jaxb-api-2.3.0.jar:/Users/rossypro/.m2/repository/com/structurizr/structurizr-annotations/1.3.5/structurizr-annotations-1.3.5.jar:/Users/rossypro/.m2/repository/com/structurizr/structurizr-analysis/1.3.5/structurizr-analysis-1.3.5.jar:/Users/rossypro/.m2/repository/org/reflections/reflections/0.9.10/reflections-0.9.10.jar:/Users/rossypro/.m2/repository/com/google/guava/guava/15.0/guava-15.0.jar:/Users/rossypro/.m2/repository/com/google/code/findbugs/annotations/2.0.1/annotations-2.0.1.jar:/Users/rossypro/.m2/repository/org/javassist/javassist/3.22.0-CR2/javassist-3.22.0-CR2.jar:/Users/rossypro/.m2/repository/com/fasterxml/jackson/dataformat/jackson-dataformat-yaml/2.11.0/jackson-dataformat-yaml-2.11.0.jar:/Users/rossypro/.m2/repository/org/yaml/snakeyaml/1.26/snakeyaml-1.26.jar:/Users/rossypro/.m2/repository/com/fasterxml/jackson/core/jackson-core/2.11.0/jackson-core-2.11.0.jar:"/>
    <property name="sun.cpu.endian" value="little"/>
    <property name="user.home" value="/Users/rossypro"/>
    <property name="user.language" value="fr"/>
    <property name="java.specification.vendor" value="Oracle Corporation"/>
    <property name="java.version.date" value="2020-03-17"/>
    <property name="java.home" value="/Library/Java/JavaVirtualMachines/jdk-14.jdk/Contents/Home"/>
    <property name="file.separator" value="/"/>
    <property name="basedir" value="/Users/rossypro/sources/ets/log430/dashview"/>
    <property name="java.vm.compressedOopsMode" value="Zero based"/>
    <property name="line.separator" value="&#10;"/>
    <property name="java.specification.name" value="Java Platform API Specification"/>
    <property name="java.vm.specification.vendor" value="Oracle Corporation"/>
    <property name="surefire.real.class.path" value="/Users/rossypro/sources/ets/log430/dashview/target/surefire/surefirebooter2895241247030958763.jar"/>
    <property name="sun.management.compiler" value="HotSpot 64-Bit Tiered Compilers"/>
    <property name="ftp.nonProxyHosts" value="local|*.local|169.254/16|*.169.254/16"/>
    <property name="java.runtime.version" value="14+36-1461"/>
    <property name="user.name" value="rossypro"/>
    <property name="path.separator" value=":"/>
    <property name="os.version" value="10.15.4"/>
    <property name="java.runtime.name" value="Java(TM) SE Runtime Environment"/>
    <property name="file.encoding" value="UTF-8"/>
    <property name="java.vm.name" value="Java HotSpot(TM) 64-Bit Server VM"/>
    <property name="localRepository" value="/Users/rossypro/.m2/repository"/>
    <property name="java.vendor.url.bug" value="https://bugreport.java.com/bugreport/"/>
    <property name="java.io.tmpdir" value="/var/folders/_h/dfhb65ms5xj_17c_z9xt5tvh0000gn/T/"/>
    <property name="java.version" value="14"/>
    <property name="user.dir" value="/Users/rossypro/sources/ets/log430/dashview"/>
    <property name="os.arch" value="x86_64"/>
    <property name="java.vm.specification.name" value="Java Virtual Machine Specification"/>
    <property name="java.library.path" value="/Users/rossypro/Library/Java/Extensions:/Library/Java/Extensions:/Network/Library/Java/Extensions:/System/Library/Java/Extensions:/usr/lib/java:."/>
    <property name="java.vm.info" value="mixed mode, sharing"/>
    <property name="java.vendor" value="Oracle Corporation"/>
    <property name="java.vm.version" value="14+36-1461"/>
    <property name="sun.io.unicode.encoding" value="UnicodeBig"/>
    <property name="socksNonProxyHosts" value="local|*.local|169.254/16|*.169.254/16"/>
    <property name="java.class.version" value="58.0"/>
  </properties>
  <testcase name="shouldAnswerWithTrue" classname="dashview.AppTest" time="0.002"/>
</testsuite>